<?xml version="1.0" encoding="UTF-8"?>
<testng-results ignored="0" total="1" passed="1" failed="0" skipped="0">
  <reporter-output>
  </reporter-output>
  <suite started-at="2021-07-30T14:47:20 IST" name="Banking App TestCases" finished-at="2021-07-30T14:47:39 IST" duration-ms="18536">
    <groups>
    </groups>
    <test started-at="2021-07-30T14:47:20 IST" name="Regression Test" finished-at="2021-07-30T14:47:39 IST" duration-ms="18536">
      <class name="test.LoginTest">
        <test-method is-config="true" signature="Setup()[pri:0, instance:test.LoginTest@bef2d72]" started-at="2021-07-30T14:47:20 IST" name="Setup" finished-at="2021-07-30T14:47:27 IST" duration-ms="6830" status="PASS">
          <reporter-output>
          </reporter-output>
        </test-method> <!-- Setup -->
        <test-method signature="Testcase1(java.lang.String,java.lang.String)[pri:0, instance:test.LoginTest@bef2d72]" started-at="2021-07-30T14:47:27 IST" name="Testcase1" finished-at="2021-07-30T14:47:38 IST" duration-ms="10956" status="PASS">
          <params>
            <param index="0">
              <value>
                <![CDATA[abc@xyz.com]]>
              </value>
            </param>
            <param index="1">
              <value>
                <![CDATA[R@jendr@777]]>
              </value>
            </param>
          </params>
          <reporter-output>
          </reporter-output>
        </test-method> <!-- Testcase1 -->
        <test-method is-config="true" signature="CleanUp()[pri:0, instance:test.LoginTest@bef2d72]" started-at="2021-07-30T14:47:38 IST" name="CleanUp" finished-at="2021-07-30T14:47:39 IST" duration-ms="687" status="PASS">
          <reporter-output>
          </reporter-output>
        </test-method> <!-- CleanUp -->
      </class> <!-- test.LoginTest -->
    </test> <!-- Regression Test -->
  </suite> <!-- Banking App TestCases -->
</testng-results>
